2025-11-21 02:27:08,026 INFO 로거 초기화 완료
2025-11-21 02:27:08,027 INFO 앱 실행 시작
2025-11-21 02:27:08,037 INFO 설정 파일 로드 완료: headless_mode=False
2025-11-21 02:27:09,281 INFO Chrome 연결 성공: 127.0.0.1:2578
2025-11-21 02:27:09,281 INFO 브라우저 버전: 142.0.7444.164
2025-11-21 02:27:09,281 INFO ChromeDriver 버전: 142.0.7444.175
2025-11-21 02:27:09,281 INFO 브라우저와 ChromeDriver 메이저 버전이 잘 맞아 떨어졌어.
2025-11-21 02:27:09,282 INFO 메인 핸들 기억: FCD2187B5044FC5E91657A67AFBB0FB5
2025-11-21 02:27:09,282 INFO 드라이버 연결 완료
2025-11-21 02:27:09,286 INFO 풀모드로 실행
2025-11-21 02:27:10,495 INFO 크롤러 드라이버 초기화 완료 (풀 모드, 프로필: C:\Users\DY\Documents\chrome-automation-profile\crawler-profile)
2025-11-21 02:27:11,397 INFO disco.re 사이트 접속 완료
2025-11-21 02:27:13,416 INFO 웰컴 팝업이 나타나지 않음 (이미 처리됨 또는 쿠키 존재)
2025-11-21 02:27:13,417 INFO 행을 모두 비웠어.
2025-11-21 02:27:13,418 INFO 새 항목 행 추가. 현재 행 수: 1
2025-11-21 02:27:13,419 INFO 새 항목 행 추가. 현재 행 수: 2
2025-11-21 02:27:13,420 INFO 새 항목 행 추가. 현재 행 수: 3
2025-11-21 02:27:13,421 INFO 새 항목 행 추가. 현재 행 수: 4
2025-11-21 02:27:13,422 INFO 새 항목 행 추가. 현재 행 수: 5
2025-11-21 02:27:13,423 INFO 새 항목 행 추가. 현재 행 수: 6
2025-11-21 02:27:13,424 INFO 새 항목 행 추가. 현재 행 수: 7
2025-11-21 02:27:13,426 INFO 새 항목 행 추가. 현재 행 수: 8
2025-11-21 02:27:13,427 INFO 새 항목 행 추가. 현재 행 수: 9
2025-11-21 02:27:13,428 INFO 새 항목 행 추가. 현재 행 수: 10
2025-11-21 02:27:13,429 INFO 새 항목 행 추가. 현재 행 수: 11
2025-11-21 02:27:13,431 INFO 새 항목 행 추가. 현재 행 수: 12
2025-11-21 02:27:13,432 INFO 새 항목 행 추가. 현재 행 수: 13
2025-11-21 02:27:13,434 INFO 새 항목 행 추가. 현재 행 수: 14
2025-11-21 02:27:13,436 INFO 새 항목 행 추가. 현재 행 수: 15
2025-11-21 02:27:13,437 INFO 프리셋 불러오기 완료. 행 수: 15
2025-11-21 02:27:13,439 INFO 크롤 행을 모두 비웠어.
2025-11-21 02:27:13,439 INFO 크롤링 행 추가. 현재 행 수: 1
2025-11-21 02:27:13,441 INFO 크롤링 행 추가. 현재 행 수: 2
2025-11-21 02:27:13,442 INFO 크롤링 행 추가. 현재 행 수: 3
2025-11-21 02:27:13,444 INFO 크롤 프리셋 불러오기 완료. 행 수: 3
2025-11-21 02:27:13,444 INFO UI 초기화 완료, 창 표시
2025-11-21 02:27:24,237 INFO 검색 시작: 산천단동 3길 20
2025-11-21 02:27:25,325 INFO 주소검색 버튼 발견
2025-11-21 02:27:25,345 INFO dsv_search_btn 클릭 완료
2025-11-21 02:27:25,429 INFO 주소 입력 완료: 산천단동 3길 20
2025-11-21 02:27:25,953 INFO 자동완성 항목 6개 발견
2025-11-21 02:27:26,081 INFO 자동완성 목록 표시 완료
2025-11-21 02:27:26,991 INFO 주소 선택: 제주특별자치도 제주시 산천단동3길 20, 스위트원룸 (data-index=0)
2025-11-21 02:27:27,020 INFO 웹 페이지 자동완성 항목 클릭 완료 (data-index=0)
2025-11-21 02:27:27,023 INFO 건물 탭 클릭 시도 중...
2025-11-21 02:27:27,570 INFO 건물 탭 클릭 성공
2025-11-21 02:27:28,127 INFO 건물 파싱 #0: (공동주택) [주1]
2025-11-21 02:27:28,127 INFO 건물 목록 파싱 완료: 총 1개
2025-11-21 02:27:41,061 INFO 검색 시작: 상가리 51-13
2025-11-21 02:27:41,114 INFO foot_back_btn 클릭 완료
2025-11-21 02:27:41,141 INFO 주소검색 버튼 발견
2025-11-21 02:27:41,157 INFO dsv_search_btn 클릭 완료
2025-11-21 02:27:41,210 INFO 주소 입력 완료: 상가리 51-13
2025-11-21 02:27:41,727 INFO 자동완성 항목 6개 발견
2025-11-21 02:27:41,820 INFO 자동완성 목록 표시 완료
2025-11-21 02:27:42,522 INFO 주소 선택: 제주특별자치도 제주시 애월읍 상가리 51-13 (data-index=0)
2025-11-21 02:27:42,545 INFO 웹 페이지 자동완성 항목 클릭 완료 (data-index=0)
2025-11-21 02:27:42,549 INFO 건물 탭 클릭 시도 중...
2025-11-21 02:27:43,074 INFO 건물 탭 클릭 성공
2025-11-21 02:27:43,611 INFO 건물 파싱 #0: A동(단독주택) [주1]
2025-11-21 02:27:43,619 INFO 건물 선택 완료: A동(단독주택) [주1] (인덱스: 0)
2025-11-21 02:27:43,622 INFO 크롤링 시작
2025-11-21 02:27:45,640 INFO 크롤링 완료: 42개 항목
2025-11-21 02:27:45,640 INFO   - 면적: 576m²
2025-11-21 02:27:45,640 INFO   - 지목: 대
2025-11-21 02:27:45,640 INFO   - 용도지역: 보전관리지역
2025-11-21 02:27:45,640 INFO   - 이용상황: 단독
2025-11-21 02:27:45,640 INFO   - 소유구분: 개인 (공유인수 0)
2025-11-21 02:27:45,640 INFO   - 소유권변동일자: -
2025-11-21 02:27:45,640 INFO   - 소유권변동원인: -
2025-11-21 02:27:45,640 INFO   - 도로접면: 소로한면
2025-11-21 02:27:45,640 INFO   - 지형높이: 평지
2025-11-21 02:27:45,640 INFO   - 지형형상: 사다리형
2025-11-21 02:27:45,640 INFO   - 포함: 보전관리지역
2025-11-21 02:27:45,640 INFO   - 저촉: -
2025-11-21 02:27:45,640 INFO   - 접함: -
2025-11-21 02:27:45,640 INFO   - 포함: 지하수자원보전4등급, 경관보전지구3등급, 건축계획심의대상구역
2025-11-21 02:27:45,640 INFO   - 저촉: 생태계보전지구5등급, 생태계보전지구4-2등급
2025-11-21 02:27:45,640 INFO   - 접함: -
2025-11-21 02:27:45,640 INFO   - 건물이름: -
2025-11-21 02:27:45,640 INFO   - 주용도: 단독주택
2025-11-21 02:27:45,640 INFO   - 주구조: 일반목구조
2025-11-21 02:27:45,640 INFO   - 지붕구조: 기타지붕
2025-11-21 02:27:45,640 INFO   - 높이: 7.31m
2025-11-21 02:27:45,640 INFO   - 지상/지하: 2/0
2025-11-21 02:27:45,640 INFO   - 대지면적: 571.5m²
2025-11-21 02:27:45,640 INFO   - 건축면적: 110.01m²(건폐율 19.25%)
2025-11-21 02:27:45,640 INFO   - 연면적: 177.99m²
2025-11-21 02:27:45,640 INFO   - 용적률산정연면적: 177.99m²(용적률 31.14%)
2025-11-21 02:27:45,640 INFO   - 세대 수: 호수
2025-11-21 02:27:45,640 INFO   - 외필지 수: 0
2025-11-21 02:27:45,640 INFO   - 오수정화시설: 값 없음
2025-11-21 02:27:45,640 WARNING     ⚠️ '오수정화시설' 항목: 오른쪽 div를 찾을 수 없음
2025-11-21 02:27:45,640 INFO   - 형식: -
2025-11-21 02:27:45,640 INFO   - 형식 (기타): -
2025-11-21 02:27:45,640 INFO   - 용량 (인용): -
2025-11-21 02:27:45,640 INFO   - 용량 (루베): -
2025-11-21 02:27:45,640 INFO   - 자주식: 0대
2025-11-21 02:27:45,640 INFO   - 기계식: 0대
2025-11-21 02:27:45,640 INFO   - 승용: 0
2025-11-21 02:27:45,640 INFO   - 비상용: 0
2025-11-21 02:27:45,640 INFO   - 허가일: 2015년 2월 16일
2025-11-21 02:27:45,640 INFO   - 착공일: 2015년 2월 25일
2025-11-21 02:27:45,640 INFO   - 사용승인일: 2016년 11월 21일
2025-11-21 02:27:45,640 INFO   - 대지권 비율: -
2025-11-21 02:27:45,640 INFO   - 전용면적: -
2025-11-21 02:27:45,640 INFO 크롤 행 '주용도' 내용 설정: 단독주택
2025-11-21 02:27:45,640 INFO 크롤 행 '지붕구조' 내용 설정: 기타지붕
2025-11-21 02:27:45,641 INFO 크롤 행 '사용승인일' 내용 설정: 2016년 11월 21일
2025-11-21 02:27:45,644 INFO 건물 목록 파싱 완료: 총 1개
