2025-11-27 03:27:25,256 INFO 로거 초기화 완료
2025-11-27 03:27:25,270 INFO Site Crawler 애플리케이션 시작
2025-11-27 03:27:25,278 INFO Chrome 드라이버 초기화 중...
2025-11-27 03:27:25,279 INFO Chrome 프로필 디렉토리: D:\python_project\R_Helper7\src\features\site_crawler\data\profiles\crawler-profile
2025-11-27 03:27:25,279 INFO 일반 모드 (브라우저 창 표시)
2025-11-27 03:27:25,279 INFO ChromeDriver 다운로드 시작
2025-11-27 03:27:25,279 INFO 기존 ChromeDriver 캐시 삭제 중: C:\Users\DY\.wdm
2025-11-27 03:27:29,210 INFO ChromeDriver 경로: C:\Users\DY\.wdm\drivers\chromedriver\win64\142.0.7444.175\chromedriver-win32/THIRD_PARTY_NOTICES.chromedriver
2025-11-27 03:27:29,211 INFO ChromeDriver 실행 파일 발견: C:\Users\DY\.wdm\drivers\chromedriver\win64\142.0.7444.175\chromedriver-win32\chromedriver.exe
2025-11-27 03:27:31,108 INFO Chrome WebDriver 인스턴스 생성 완료
2025-11-27 03:27:32,020 INFO disco.re 사이트 접속 완료
2025-11-27 03:27:34,047 INFO 웰컴 팝업이 나타나지 않음 (이미 처리됨 또는 쿠키 존재)
2025-11-27 03:27:34,047 INFO 크롤링용 Chrome 창 준비 완료
2025-11-27 03:27:34,140 INFO 크롤링 행 추가 (총 1개)
2025-11-27 03:27:34,140 INFO 크롤링 행 추가 (총 2개)
2025-11-27 03:27:34,140 INFO 크롤링 행 추가 (총 3개)
2025-11-27 03:27:34,149 INFO 메뉴바 초기화 완료
2025-11-27 03:27:34,149 INFO Site Crawler 메인 윈도우 초기화 완료
2025-11-27 03:27:34,149 INFO 이벤트 구독 설정 완료
2025-11-27 03:27:34,787 INFO Site Crawler 윈도우 표시 완료
2025-11-27 03:28:47,529 INFO 주소 검색 시작: 상가리 51-13
2025-11-27 03:28:48,710 INFO dsv_search_btn 클릭 완료
2025-11-27 03:28:48,839 INFO 주소 입력 완료: 상가리 51-13
2025-11-27 03:28:49,371 INFO 자동완성 항목 0개 발견
2025-11-27 03:28:49,372 INFO 주소 목록 파싱 완료: 0개
2025-11-27 03:28:49,372 INFO 주소 검색 완료: 0개
2025-11-27 03:28:49,372 INFO 주소 콤보박스 업데이트: 0개
2025-11-27 03:29:03,412 INFO 주소 검색 시작: 상가리 51-13
2025-11-27 03:29:04,474 INFO dsv_search_btn 클릭 완료
2025-11-27 03:29:04,553 INFO 주소 입력 완료: 상가리 51-13
2025-11-27 03:29:05,065 INFO 자동완성 항목 6개 발견
2025-11-27 03:29:05,162 INFO 주소 목록 파싱 완료: 6개
2025-11-27 03:29:05,162 INFO 주소 검색 완료: 6개
2025-11-27 03:29:05,162 INFO 주소 콤보박스 업데이트: 6개
2025-11-27 03:29:08,700 INFO 주소 검색 시작: 상가리 51-13
2025-11-27 03:29:09,760 INFO dsv_search_btn 클릭 완료
2025-11-27 03:29:09,816 INFO 주소 입력 완료: 상가리 51-13
2025-11-27 03:29:10,324 INFO 자동완성 항목 6개 발견
2025-11-27 03:29:10,440 INFO 주소 목록 파싱 완료: 6개
2025-11-27 03:29:10,440 INFO 주소 검색 완료: 6개
2025-11-27 03:29:10,440 INFO 주소 콤보박스 업데이트: 6개
2025-11-27 03:29:12,035 INFO 주소 선택 완료 (인덱스: 0)
2025-11-27 03:29:12,035 INFO 건물 탭 클릭 시도 중... (시도 1)
2025-11-27 03:29:12,570 INFO 건물 탭 클릭 성공
2025-11-27 03:29:13,109 INFO 건물 파싱 #0: A동(단독주택) [주1]
2025-11-27 03:29:13,109 INFO 건물 목록 파싱 완료: 총 1개
2025-11-27 03:29:13,109 INFO 건물 목록 조회 완료: 1개
2025-11-27 03:29:13,109 INFO 건물 콤보박스 업데이트: 1개
2025-11-27 03:29:20,711 INFO 주소 검색 시작: 산천단동 3길 20
2025-11-27 03:29:20,758 INFO foot_back_btn 클릭 완료
2025-11-27 03:29:20,830 INFO dsv_search_btn 클릭 완료
2025-11-27 03:29:20,936 INFO 주소 입력 완료: 산천단동 3길 20
2025-11-27 03:29:21,452 INFO 자동완성 항목 6개 발견
2025-11-27 03:29:21,554 INFO 주소 목록 파싱 완료: 6개
2025-11-27 03:29:21,554 INFO 주소 검색 완료: 6개
2025-11-27 03:29:21,555 INFO 주소 콤보박스 업데이트: 6개
2025-11-27 03:29:23,264 INFO 주소 선택 완료 (인덱스: 0)
2025-11-27 03:29:23,265 INFO 건물 탭 클릭 시도 중... (시도 1)
2025-11-27 03:29:23,811 INFO 건물 탭 클릭 성공
2025-11-27 03:29:24,427 INFO 건물 파싱 #0: (공동주택) [주1]
2025-11-27 03:29:24,427 INFO 건물 목록 파싱 완료: 총 1개
2025-11-27 03:29:24,427 INFO 건물 목록 조회 완료: 1개
2025-11-27 03:29:24,449 INFO 건물 선택 완료 (인덱스: 0)
2025-11-27 03:29:24,449 INFO 크롤링 시작
2025-11-27 03:29:26,470 INFO 크롤링 완료: 42개 항목
2025-11-27 03:29:26,470 INFO   - 면적: 494m²
2025-11-27 03:29:26,470 INFO   - 지목: 대
2025-11-27 03:29:26,471 INFO   - 용도지역: 자연녹지지역
2025-11-27 03:29:26,471 INFO   - 이용상황: 다세대
2025-11-27 03:29:26,471 INFO   - 소유구분: 개인 (공유인수 0)
2025-11-27 03:29:26,471 INFO   - 소유권변동일자: -
2025-11-27 03:29:26,471 INFO   - 소유권변동원인: -
2025-11-27 03:29:26,471 INFO   - 도로접면: 세로한면(가)
2025-11-27 03:29:26,471 INFO   - 지형높이: 평지
2025-11-27 03:29:26,471 INFO   - 지형형상: 사다리형
2025-11-27 03:29:26,471 INFO   - 포함: 자연취락지구, 자연녹지지역
2025-11-27 03:29:26,471 INFO   - 저촉: -
2025-11-27 03:29:26,471 INFO   - 접함: -
2025-11-27 03:29:26,471 INFO   - 포함: 상대보호구역, 가축사육제한구역, 역사문화환경보존지역
2025-11-27 03:29:26,471 INFO   - 저촉: -
2025-11-27 03:29:26,471 INFO   - 접함: -
2025-11-27 03:29:26,471 INFO   - 건물이름: -
2025-11-27 03:29:26,471 INFO   - 주용도: 공동주택
2025-11-27 03:29:26,471 INFO   - 주구조: 철근콘크리트구조
2025-11-27 03:29:26,471 INFO   - 지붕구조: (철근)콘크리트
2025-11-27 03:29:26,471 INFO   - 높이: 13.2m
2025-11-27 03:29:26,471 INFO   - 지상/지하: 4/0
2025-11-27 03:29:26,471 INFO   - 대지면적: 494m²
2025-11-27 03:29:26,471 INFO   - 건축면적: 98.56m²(건폐율 19.95%)
2025-11-27 03:29:26,471 INFO   - 연면적: 361.92m²
2025-11-27 03:29:26,471 INFO   - 용적률산정연면적: 361.92m²(용적률 73.26%)
2025-11-27 03:29:26,471 INFO   - 세대 수: 호수
2025-11-27 03:29:26,471 INFO   - 외필지 수: 0
2025-11-27 03:29:26,471 INFO   - 오수정화시설: 값 없음
2025-11-27 03:29:26,471 WARNING     ⚠️ '오수정화시설' 항목: 값을 찾을 수 없음
2025-11-27 03:29:26,471 INFO   - 형식: -
2025-11-27 03:29:26,471 INFO   - 형식 (기타): -
2025-11-27 03:29:26,471 INFO   - 용량 (인용): -
2025-11-27 03:29:26,471 INFO   - 용량 (루베): -
2025-11-27 03:29:26,471 INFO   - 자주식: 0대
2025-11-27 03:29:26,471 INFO   - 기계식: 0대
2025-11-27 03:29:26,471 INFO   - 승용: 0
2025-11-27 03:29:26,471 INFO   - 비상용: 0
2025-11-27 03:29:26,471 INFO   - 허가일: 2003년 9월 25일
2025-11-27 03:29:26,471 INFO   - 착공일: 2003년 9월 26일
2025-11-27 03:29:26,471 INFO   - 사용승인일: 2004년 2월 18일
2025-11-27 03:29:26,471 INFO   - 대지권 비율: 직접 해당 호를 선택해 보세요
2025-11-27 03:29:26,471 INFO   - 전용면적: 39.12m²
2025-11-27 03:29:26,471 INFO 크롤링 완료: 42개 항목
2025-11-27 03:29:26,482 INFO 크롤링 결과 저장 완료: D:\python_project\R_Helper7\src\features\site_crawler\data\results\latest_crawl.json
2025-11-27 03:29:26,483 INFO 건물 콤보박스 업데이트: 1개
2025-11-27 03:29:32,257 INFO 프리셋 불러오기 완료: 1개
2025-11-27 03:29:32,257 INFO 행 삭제 (인덱스: 0, 남은 행: 2개)
2025-11-27 03:29:32,257 INFO 행 삭제 (인덱스: 0, 남은 행: 1개)
2025-11-27 03:29:32,257 INFO 행 삭제 (인덱스: 0, 남은 행: 0개)
2025-11-27 03:29:32,257 INFO 크롤링 행 추가 (총 1개)
2025-11-27 03:29:32,260 INFO 메뉴에서 프리셋 불러오기 실행
2025-11-27 03:29:33,869 INFO 건물 선택 완료 (인덱스: 0)
2025-11-27 03:29:33,869 INFO 크롤링 시작
2025-11-27 03:29:35,882 INFO 크롤링 완료: 42개 항목
2025-11-27 03:29:35,882 INFO   - 면적: 494m²
2025-11-27 03:29:35,882 INFO   - 지목: 대
2025-11-27 03:29:35,882 INFO   - 용도지역: 자연녹지지역
2025-11-27 03:29:35,882 INFO   - 이용상황: 다세대
2025-11-27 03:29:35,882 INFO   - 소유구분: 개인 (공유인수 0)
2025-11-27 03:29:35,882 INFO   - 소유권변동일자: -
2025-11-27 03:29:35,882 INFO   - 소유권변동원인: -
2025-11-27 03:29:35,882 INFO   - 도로접면: 세로한면(가)
2025-11-27 03:29:35,882 INFO   - 지형높이: 평지
2025-11-27 03:29:35,882 INFO   - 지형형상: 사다리형
2025-11-27 03:29:35,882 INFO   - 포함: 자연취락지구, 자연녹지지역
2025-11-27 03:29:35,882 INFO   - 저촉: -
2025-11-27 03:29:35,882 INFO   - 접함: -
2025-11-27 03:29:35,882 INFO   - 포함: 상대보호구역, 가축사육제한구역, 역사문화환경보존지역
2025-11-27 03:29:35,882 INFO   - 저촉: -
2025-11-27 03:29:35,882 INFO   - 접함: -
2025-11-27 03:29:35,882 INFO   - 건물이름: -
2025-11-27 03:29:35,882 INFO   - 주용도: 공동주택
2025-11-27 03:29:35,882 INFO   - 주구조: 철근콘크리트구조
2025-11-27 03:29:35,882 INFO   - 지붕구조: (철근)콘크리트
2025-11-27 03:29:35,882 INFO   - 높이: 13.2m
2025-11-27 03:29:35,882 INFO   - 지상/지하: 4/0
2025-11-27 03:29:35,882 INFO   - 대지면적: 494m²
2025-11-27 03:29:35,882 INFO   - 건축면적: 98.56m²(건폐율 19.95%)
2025-11-27 03:29:35,882 INFO   - 연면적: 361.92m²
2025-11-27 03:29:35,882 INFO   - 용적률산정연면적: 361.92m²(용적률 73.26%)
2025-11-27 03:29:35,882 INFO   - 세대 수: 호수
2025-11-27 03:29:35,882 INFO   - 외필지 수: 0
2025-11-27 03:29:35,882 INFO   - 오수정화시설: 값 없음
2025-11-27 03:29:35,882 WARNING     ⚠️ '오수정화시설' 항목: 값을 찾을 수 없음
2025-11-27 03:29:35,882 INFO   - 형식: -
2025-11-27 03:29:35,882 INFO   - 형식 (기타): -
2025-11-27 03:29:35,882 INFO   - 용량 (인용): -
2025-11-27 03:29:35,882 INFO   - 용량 (루베): -
2025-11-27 03:29:35,882 INFO   - 자주식: 0대
2025-11-27 03:29:35,882 INFO   - 기계식: 0대
2025-11-27 03:29:35,882 INFO   - 승용: 0
2025-11-27 03:29:35,882 INFO   - 비상용: 0
2025-11-27 03:29:35,882 INFO   - 허가일: 2003년 9월 25일
2025-11-27 03:29:35,882 INFO   - 착공일: 2003년 9월 26일
2025-11-27 03:29:35,883 INFO   - 사용승인일: 2004년 2월 18일
2025-11-27 03:29:35,883 INFO   - 대지권 비율: 직접 해당 호를 선택해 보세요
2025-11-27 03:29:35,883 INFO   - 전용면적: 39.12m²
2025-11-27 03:29:35,883 INFO 크롤링 완료: 42개 항목
2025-11-27 03:29:35,883 INFO 크롤 행 '주용도' 내용 설정: 공동주택
2025-11-27 03:29:35,884 INFO 크롤링 결과 저장 완료: D:\python_project\R_Helper7\src\features\site_crawler\data\results\latest_crawl.json
2025-11-27 03:30:52,308 INFO Site Crawler 메인 윈도우 종료
2025-11-27 03:30:54,472 INFO 드라이버 종료 완료
2025-11-27 03:30:58,513 INFO Site Crawler 애플리케이션 종료 (exit_code=0)
