2025-11-21 06:12:22,627 INFO 로거 초기화 완료
2025-11-21 06:12:22,627 INFO 앱 실행 시작
2025-11-21 06:12:22,635 INFO 설정 파일 로드 완료: headless_mode=False
2025-11-21 06:12:23,686 INFO Chrome 연결 성공: 127.0.0.1:2578
2025-11-21 06:12:23,686 INFO 브라우저 버전: 142.0.7444.164
2025-11-21 06:12:23,686 INFO ChromeDriver 버전: 142.0.7444.175
2025-11-21 06:12:23,686 INFO 브라우저와 ChromeDriver 메이저 버전이 잘 맞아 떨어졌어.
2025-11-21 06:12:23,687 INFO 메인 핸들 기억: FCD2187B5044FC5E91657A67AFBB0FB5
2025-11-21 06:12:23,687 INFO 드라이버 연결 완료
2025-11-21 06:12:23,690 INFO 풀모드로 실행
2025-11-21 06:12:24,888 INFO 크롤러 드라이버 초기화 완료 (풀 모드, 프로필: C:\Users\DY\Documents\chrome-automation-profile\crawler-profile)
2025-11-21 06:12:25,881 INFO disco.re 사이트 접속 완료
2025-11-21 06:12:27,907 INFO 웰컴 팝업이 나타나지 않음 (이미 처리됨 또는 쿠키 존재)
2025-11-21 06:12:27,909 INFO 행을 모두 비웠어.
2025-11-21 06:12:27,911 INFO 새 항목 행 추가. 현재 행 수: 1
2025-11-21 06:12:27,913 INFO 새 항목 행 추가. 현재 행 수: 2
2025-11-21 06:12:27,915 INFO 새 항목 행 추가. 현재 행 수: 3
2025-11-21 06:12:27,917 INFO 새 항목 행 추가. 현재 행 수: 4
2025-11-21 06:12:27,919 INFO 새 항목 행 추가. 현재 행 수: 5
2025-11-21 06:12:27,921 INFO 새 항목 행 추가. 현재 행 수: 6
2025-11-21 06:12:27,924 INFO 새 항목 행 추가. 현재 행 수: 7
2025-11-21 06:12:27,927 INFO 새 항목 행 추가. 현재 행 수: 8
2025-11-21 06:12:27,929 INFO 새 항목 행 추가. 현재 행 수: 9
2025-11-21 06:12:27,932 INFO 새 항목 행 추가. 현재 행 수: 10
2025-11-21 06:12:27,935 INFO 새 항목 행 추가. 현재 행 수: 11
2025-11-21 06:12:27,937 INFO 새 항목 행 추가. 현재 행 수: 12
2025-11-21 06:12:27,940 INFO 새 항목 행 추가. 현재 행 수: 13
2025-11-21 06:12:27,944 INFO 새 항목 행 추가. 현재 행 수: 14
2025-11-21 06:12:27,948 INFO 새 항목 행 추가. 현재 행 수: 15
2025-11-21 06:12:27,952 INFO 프리셋 불러오기 완료. 행 수: 15
2025-11-21 06:12:27,957 INFO 크롤 행을 모두 비웠어.
2025-11-21 06:12:27,957 INFO 크롤링 행 추가. 현재 행 수: 1
2025-11-21 06:12:27,959 INFO 크롤링 행 추가. 현재 행 수: 2
2025-11-21 06:12:27,963 INFO 크롤링 행 추가. 현재 행 수: 3
2025-11-21 06:12:27,966 INFO 크롤 프리셋 불러오기 완료. 행 수: 3
2025-11-21 06:12:27,966 INFO UI 초기화 완료, 창 표시
2025-11-21 06:12:34,953 INFO 검색 시작: 상가리 51-13
2025-11-21 06:12:36,037 INFO 주소검색 버튼 발견
2025-11-21 06:12:36,057 INFO dsv_search_btn 클릭 완료
2025-11-21 06:12:36,139 INFO 주소 입력 완료: 상가리 51-13
2025-11-21 06:12:36,661 INFO 자동완성 항목 6개 발견
2025-11-21 06:12:36,745 INFO 자동완성 목록 표시 완료
2025-11-21 06:12:44,419 INFO 주소 선택: 제주특별자치도 제주시 애월읍 상가리 51-13 (data-index=0)
2025-11-21 06:12:44,450 INFO 웹 페이지 자동완성 항목 클릭 완료 (data-index=0)
2025-11-21 06:12:44,453 INFO 건물 탭 클릭 시도 중...
2025-11-21 06:12:44,987 INFO 건물 탭 클릭 성공
2025-11-21 06:12:45,526 INFO 건물 파싱 #0: A동(단독주택) [주1]
2025-11-21 06:12:45,526 INFO 건물 목록 파싱 완료: 총 1개
2025-11-21 06:13:12,538 INFO 검색 시작: 은마아파트
2025-11-21 06:13:12,581 INFO foot_back_btn 클릭 완료
2025-11-21 06:13:12,594 INFO 주소검색 버튼 발견
2025-11-21 06:13:12,612 INFO dsv_search_btn 클릭 완료
2025-11-21 06:13:12,665 INFO 주소 입력 완료: 은마아파트
2025-11-21 06:13:13,183 INFO 자동완성 항목 20개 발견
2025-11-21 06:13:13,490 INFO 자동완성 목록 표시 완료
2025-11-21 06:13:27,210 INFO 주소 선택: 부산광역시 북구 덕천동 777 (data-index=0)
2025-11-21 06:13:27,238 INFO 웹 페이지 자동완성 항목 클릭 완료 (data-index=0)
2025-11-21 06:13:27,243 INFO 건물 탭 클릭 시도 중...
2025-11-21 06:13:27,775 INFO 건물 탭 클릭 성공
2025-11-21 06:13:28,351 INFO 건물 파싱 #0: 공동주택() [총괄]
2025-11-21 06:13:28,396 INFO 건물 파싱 #1: 1동(공동주택) [주1]
2025-11-21 06:13:28,448 INFO 건물 파싱 #2: 2동(공동주택) [주2]
2025-11-21 06:13:28,484 INFO 건물 파싱 #3: 3동(공동주택) [주3]
2025-11-21 06:13:28,517 INFO 건물 파싱 #4: 4동(공동주택) [주4]
2025-11-21 06:13:28,538 INFO 건물 파싱 #5: 5동(공동주택) [주5]
2025-11-21 06:13:28,558 INFO 건물 파싱 #6: 6동(공동주택) [주6]
2025-11-21 06:13:28,574 INFO 건물 선택 완료: 공동주택() [총괄] (인덱스: 0)
2025-11-21 06:13:28,577 INFO 크롤링 시작
2025-11-21 06:13:30,594 INFO 크롤링 완료: 42개 항목
2025-11-21 06:13:30,594 INFO   - 면적: 3,547.4m²
2025-11-21 06:13:30,594 INFO   - 지목: 대
2025-11-21 06:13:30,594 INFO   - 용도지역: 제2종일반주거지역
2025-11-21 06:13:30,594 INFO   - 이용상황: 아파트
2025-11-21 06:13:30,594 INFO   - 소유구분: 개인 (공유인수 0)
2025-11-21 06:13:30,594 INFO   - 소유권변동일자: 2024-12-09
2025-11-21 06:13:30,594 INFO   - 소유권변동원인: 소유권이전
2025-11-21 06:13:30,594 INFO   - 도로접면: 세로각지(가)
2025-11-21 06:13:30,594 INFO   - 지형높이: 완경사
2025-11-21 06:13:30,594 INFO   - 지형형상: 가로장방
2025-11-21 06:13:30,594 INFO   - 포함: 제2종일반주거지역, 일단의주택단지조성사업지역
2025-11-21 06:13:30,594 INFO   - 저촉: 도로
2025-11-21 06:13:30,594 INFO   - 접함: -
2025-11-21 06:13:30,594 INFO   - 포함: 상대보호구역
2025-11-21 06:13:30,594 INFO   - 저촉: -
2025-11-21 06:13:30,594 INFO   - 접함: -
2025-11-21 06:13:30,594 INFO   - 건물이름: 은마아파트
2025-11-21 06:13:30,594 INFO   - 주용도: 공동주택
2025-11-21 06:13:30,594 INFO   - 주구조: -
2025-11-21 06:13:30,594 INFO   - 지붕구조: -
2025-11-21 06:13:30,594 INFO   - 높이: -
2025-11-21 06:13:30,594 INFO   - 지상/지하: -
2025-11-21 06:13:30,594 INFO   - 대지면적: 0m²
2025-11-21 06:13:30,594 INFO   - 건축면적: 1,875.39m²(건폐율 0%)
2025-11-21 06:13:30,594 INFO   - 연면적: 6,376.26m²
2025-11-21 06:13:30,594 INFO   - 용적률산정연면적: 5,626.17m²(용적률 0%)
2025-11-21 06:13:30,594 INFO   - 세대 수: 호수
2025-11-21 06:13:30,594 INFO   - 외필지 수: 0
2025-11-21 06:13:30,594 INFO   - 오수정화시설: 값 없음
2025-11-21 06:13:30,594 WARNING     ⚠️ '오수정화시설' 항목: 오른쪽 div를 찾을 수 없음
2025-11-21 06:13:30,594 INFO   - 형식: -
2025-11-21 06:13:30,594 INFO   - 형식 (기타): -
2025-11-21 06:13:30,594 INFO   - 용량 (인용): -
2025-11-21 06:13:30,594 INFO   - 용량 (루베): -
2025-11-21 06:13:30,594 INFO   - 자주식: 0대
2025-11-21 06:13:30,594 INFO   - 기계식: 0대
2025-11-21 06:13:30,594 INFO   - 승용: -
2025-11-21 06:13:30,594 INFO   - 비상용: -
2025-11-21 06:13:30,594 INFO   - 허가일: 값 없음
2025-11-21 06:13:30,594 WARNING     ⚠️ '허가일' 항목: span은 있지만 텍스트가 비어있음
2025-11-21 06:13:30,594 INFO   - 착공일: 값 없음
2025-11-21 06:13:30,595 WARNING     ⚠️ '착공일' 항목: span은 있지만 텍스트가 비어있음
2025-11-21 06:13:30,595 INFO   - 사용승인일: 값 없음
2025-11-21 06:13:30,595 WARNING     ⚠️ '사용승인일' 항목: span은 있지만 텍스트가 비어있음
2025-11-21 06:13:30,595 INFO   - 대지권 비율: 35,474분의 394
2025-11-21 06:13:30,595 INFO   - 전용면적: 65.88m²
2025-11-21 06:13:30,595 INFO 크롤 행 '주용도' 내용 설정: 공동주택
2025-11-21 06:13:30,595 INFO 크롤 행 '지붕구조' 내용 설정: -
2025-11-21 06:13:30,595 INFO 크롤 행 '사용승인일': 크롤링 성공 (값 없음)
2025-11-21 06:13:30,598 INFO 건물 목록 파싱 완료: 총 7개
2025-11-21 06:22:59,582 INFO 검색 시작: 상가리 51-13
2025-11-21 06:22:59,637 INFO foot_back_btn 클릭 완료
2025-11-21 06:22:59,675 INFO 주소검색 버튼 발견
2025-11-21 06:22:59,695 INFO dsv_search_btn 클릭 완료
2025-11-21 06:22:59,752 INFO 주소 입력 완료: 상가리 51-13
2025-11-21 06:23:00,273 INFO 자동완성 항목 6개 발견
2025-11-21 06:23:00,390 INFO 자동완성 목록 표시 완료
2025-11-21 06:23:02,317 INFO 주소 선택: 제주특별자치도 제주시 애월읍 상가리 51-13 (data-index=0)
2025-11-21 06:23:02,349 INFO 웹 페이지 자동완성 항목 클릭 완료 (data-index=0)
2025-11-21 06:23:02,353 INFO 건물 탭 클릭 시도 중...
2025-11-21 06:23:02,874 INFO 건물 탭 클릭 성공
2025-11-21 06:23:03,418 INFO 건물 파싱 #0: A동(단독주택) [주1]
2025-11-21 06:23:03,425 INFO 건물 선택 완료: A동(단독주택) [주1] (인덱스: 0)
2025-11-21 06:23:03,428 INFO 크롤링 시작
2025-11-21 06:23:05,448 INFO 크롤링 완료: 42개 항목
2025-11-21 06:23:05,448 INFO   - 면적: 576m²
2025-11-21 06:23:05,448 INFO   - 지목: 대
2025-11-21 06:23:05,448 INFO   - 용도지역: 보전관리지역
2025-11-21 06:23:05,448 INFO   - 이용상황: 단독
2025-11-21 06:23:05,448 INFO   - 소유구분: 개인 (공유인수 0)
2025-11-21 06:23:05,448 INFO   - 소유권변동일자: -
2025-11-21 06:23:05,448 INFO   - 소유권변동원인: -
2025-11-21 06:23:05,448 INFO   - 도로접면: 소로한면
2025-11-21 06:23:05,448 INFO   - 지형높이: 평지
2025-11-21 06:23:05,448 INFO   - 지형형상: 사다리형
2025-11-21 06:23:05,448 INFO   - 포함: 보전관리지역
2025-11-21 06:23:05,448 INFO   - 저촉: -
2025-11-21 06:23:05,448 INFO   - 접함: -
2025-11-21 06:23:05,448 INFO   - 포함: 지하수자원보전4등급, 경관보전지구3등급, 건축계획심의대상구역
2025-11-21 06:23:05,448 INFO   - 저촉: 생태계보전지구5등급, 생태계보전지구4-2등급
2025-11-21 06:23:05,448 INFO   - 접함: -
2025-11-21 06:23:05,448 INFO   - 건물이름: -
2025-11-21 06:23:05,448 INFO   - 주용도: 단독주택
2025-11-21 06:23:05,448 INFO   - 주구조: 일반목구조
2025-11-21 06:23:05,448 INFO   - 지붕구조: 기타지붕
2025-11-21 06:23:05,448 INFO   - 높이: 7.31m
2025-11-21 06:23:05,448 INFO   - 지상/지하: 2/0
2025-11-21 06:23:05,448 INFO   - 대지면적: 571.5m²
2025-11-21 06:23:05,448 INFO   - 건축면적: 110.01m²(건폐율 19.25%)
2025-11-21 06:23:05,448 INFO   - 연면적: 177.99m²
2025-11-21 06:23:05,448 INFO   - 용적률산정연면적: 177.99m²(용적률 31.14%)
2025-11-21 06:23:05,448 INFO   - 세대 수: 호수
2025-11-21 06:23:05,448 INFO   - 외필지 수: 0
2025-11-21 06:23:05,448 INFO   - 오수정화시설: 값 없음
2025-11-21 06:23:05,448 WARNING     ⚠️ '오수정화시설' 항목: 오른쪽 div를 찾을 수 없음
2025-11-21 06:23:05,448 INFO   - 형식: -
2025-11-21 06:23:05,448 INFO   - 형식 (기타): -
2025-11-21 06:23:05,448 INFO   - 용량 (인용): -
2025-11-21 06:23:05,448 INFO   - 용량 (루베): -
2025-11-21 06:23:05,448 INFO   - 자주식: 0대
2025-11-21 06:23:05,448 INFO   - 기계식: 0대
2025-11-21 06:23:05,448 INFO   - 승용: 0
2025-11-21 06:23:05,448 INFO   - 비상용: 0
2025-11-21 06:23:05,448 INFO   - 허가일: 2015년 2월 16일
2025-11-21 06:23:05,448 INFO   - 착공일: 2015년 2월 25일
2025-11-21 06:23:05,448 INFO   - 사용승인일: 2016년 11월 21일
2025-11-21 06:23:05,448 INFO   - 대지권 비율: -
2025-11-21 06:23:05,448 INFO   - 전용면적: -
2025-11-21 06:23:05,448 INFO 크롤 행 '주용도' 내용 설정: 단독주택
2025-11-21 06:23:05,448 INFO 크롤 행 '지붕구조' 내용 설정: 기타지붕
2025-11-21 06:23:05,448 INFO 크롤 행 '사용승인일' 내용 설정: 2016년 11월 21일
2025-11-21 06:23:05,452 INFO 건물 목록 파싱 완료: 총 1개
2025-11-21 06:23:11,401 INFO 모두 매치 완료: 0개
2025-11-21 13:09:52,614 INFO 크롤러 드라이버 종료 중
2025-11-21 13:09:54,656 INFO 크롤러 드라이버 종료 완료
2025-11-21 13:09:54,668 INFO 앱 종료: 0
