2025-11-23 20:06:46,397 INFO 로거 초기화 완료
2025-11-23 20:06:46,400 INFO Site Crawler 애플리케이션 시작
2025-11-23 20:06:46,408 INFO 설정 로드 완료: D:\python_project\R_Helper7\src\features\site_crawler\data\settings.json
2025-11-23 20:06:46,438 INFO 크롤링 행 추가 (총 1개)
2025-11-23 20:06:46,438 INFO 크롤링 행 추가 (총 2개)
2025-11-23 20:06:46,438 INFO 크롤링 행 추가 (총 3개)
2025-11-23 20:06:46,438 INFO Chrome 드라이버 초기화 중...
2025-11-23 20:06:46,695 INFO Chrome 프로필 디렉토리: D:\python_project\R_Helper7\src\features\site_crawler\data\profiles\crawler-profile
2025-11-23 20:06:46,695 INFO 일반 모드 (브라우저 창 표시)
2025-11-23 20:06:46,695 INFO ChromeDriver 다운로드 시작
2025-11-23 20:06:47,938 INFO ChromeDriver 준비 완료: C:\Users\DY\.wdm\drivers\chromedriver\win64\142.0.7444.175\chromedriver-win32/chromedriver.exe
2025-11-23 20:06:48,935 INFO Chrome WebDriver 인스턴스 생성 완료
2025-11-23 20:06:49,903 INFO disco.re 사이트 접속 완료
2025-11-23 20:06:51,952 INFO 웰컴 팝업이 나타나지 않음 (이미 처리됨 또는 쿠키 존재)
2025-11-23 20:06:51,952 INFO 크롤링용 Chrome 창이 준비되었어.
2025-11-23 20:06:51,967 INFO 메뉴바 초기화 완료
2025-11-23 20:06:51,967 INFO Site Crawler 메인 윈도우 초기화 완료
2025-11-23 20:06:52,056 INFO Site Crawler 윈도우 표시 완료
2025-11-23 20:06:59,446 INFO 행 삭제 (인덱스: 0, 남은 행: 2개)
2025-11-23 20:06:59,447 INFO 행 삭제 (인덱스: 0, 남은 행: 1개)
2025-11-23 20:06:59,447 INFO 행 삭제 (인덱스: 0, 남은 행: 0개)
2025-11-23 20:06:59,447 INFO 크롤링 행 추가 (총 1개)
2025-11-23 20:06:59,447 INFO 프리셋 불러오기 완료: 1개 항목
2025-11-23 20:06:59,447 INFO 메뉴에서 프리셋 불러오기 실행
2025-11-23 20:07:10,976 INFO 검색 시작: 상가리 51-13
2025-11-23 20:07:10,976 INFO 주소를 검색하는 중...
2025-11-23 20:07:12,042 INFO dsv_search_btn 클릭 완료
2025-11-23 20:07:12,042 INFO 검색 버튼 클릭 완료
2025-11-23 20:07:12,134 INFO 주소 입력 완료: 상가리 51-13
2025-11-23 20:07:12,134 INFO 주소 입력 완료: 상가리 51-13
2025-11-23 20:07:12,649 INFO 자동완성 항목 6개 발견
2025-11-23 20:07:12,810 INFO 자동완성 목록 파싱 완료: 6개
2025-11-23 20:07:12,811 INFO 자동완성 목록 6개 발견
2025-11-23 20:07:12,812 INFO 주소 콤보박스 업데이트: 6개
2025-11-23 20:07:13,995 INFO 주소 선택: 제주특별자치도 제주시 애월읍 상가리 51-13 (data-index=0)
2025-11-23 20:07:13,995 INFO 선택한 주소를 불러오는 중...
2025-11-23 20:07:14,022 INFO 웹 페이지 자동완성 항목 클릭 완료 (data-index=0)
2025-11-23 20:07:14,022 INFO 주소 선택 완료: 제주특별자치도 제주시 애월읍 상가리 51-13
2025-11-23 20:07:14,024 INFO 건물 탭 클릭 시도 중... (시도 1)
2025-11-23 20:07:14,556 INFO 건물 탭 클릭 성공
2025-11-23 20:07:14,556 INFO 건물 목록을 불러오는 중...
2025-11-23 20:07:15,100 INFO 건물 파싱 #0: A동(단독주택) [주1]
2025-11-23 20:07:15,100 INFO 건물 목록 파싱 완료: 총 1개
2025-11-23 20:07:15,100 INFO 건물 1개를 불러왔습니다.
2025-11-23 20:07:15,101 INFO 건물 콤보박스 업데이트: 1개
2025-11-23 20:07:32,680 INFO 검색 시작: 산천단동 3길 20
2025-11-23 20:07:32,680 INFO 주소를 검색하는 중...
2025-11-23 20:07:32,720 INFO 상세 페이지에서 메인으로 돌아갔어.
2025-11-23 20:07:32,721 INFO foot_back_btn 클릭 완료
2025-11-23 20:07:32,756 INFO dsv_search_btn 클릭 완료
2025-11-23 20:07:32,756 INFO 검색 버튼 클릭 완료
2025-11-23 20:07:32,808 INFO 주소 입력 완료: 산천단동 3길 20
2025-11-23 20:07:32,809 INFO 주소 입력 완료: 산천단동 3길 20
2025-11-23 20:07:33,318 INFO 자동완성 항목 6개 발견
2025-11-23 20:07:33,405 INFO 자동완성 목록 파싱 완료: 6개
2025-11-23 20:07:33,405 INFO 자동완성 목록 6개 발견
2025-11-23 20:07:33,408 INFO 주소 콤보박스 업데이트: 6개
2025-11-23 20:07:35,518 INFO 주소 선택: 제주특별자치도 제주시 산천단동3길 20, 스위트원룸 (data-index=0)
2025-11-23 20:07:35,518 INFO 선택한 주소를 불러오는 중...
2025-11-23 20:07:35,541 INFO 웹 페이지 자동완성 항목 클릭 완료 (data-index=0)
2025-11-23 20:07:35,541 INFO 주소 선택 완료: 제주특별자치도 제주시 산천단동3길 20, 스위트원룸
2025-11-23 20:07:35,543 INFO 건물 탭 클릭 시도 중... (시도 1)
2025-11-23 20:07:36,111 INFO 건물 탭 클릭 성공
2025-11-23 20:07:36,112 INFO 건물 목록을 불러오는 중...
2025-11-23 20:07:36,677 INFO 건물 파싱 #0: (공동주택) [주1]
2025-11-23 20:07:36,677 INFO 건물 목록 파싱 완료: 총 1개
2025-11-23 20:07:36,677 INFO 건물 1개를 불러왔습니다.
2025-11-23 20:07:36,687 INFO 건물 선택 완료: (공동주택) [주1] (인덱스: 0)
2025-11-23 20:07:36,687 INFO 건물 선택: (공동주택) [주1]
2025-11-23 20:07:36,689 INFO 크롤링 시작
2025-11-23 20:07:36,689 INFO 크롤링 중...
2025-11-23 20:07:38,730 INFO 크롤링 완료: 42개 항목
2025-11-23 20:07:38,730 INFO   - 면적: 494m²
2025-11-23 20:07:38,730 INFO   - 지목: 대
2025-11-23 20:07:38,730 INFO   - 용도지역: 자연녹지지역
2025-11-23 20:07:38,730 INFO   - 이용상황: 다세대
2025-11-23 20:07:38,730 INFO   - 소유구분: 개인 (공유인수 0)
2025-11-23 20:07:38,730 INFO   - 소유권변동일자: -
2025-11-23 20:07:38,730 INFO   - 소유권변동원인: -
2025-11-23 20:07:38,730 INFO   - 도로접면: 세로한면(가)
2025-11-23 20:07:38,730 INFO   - 지형높이: 평지
2025-11-23 20:07:38,730 INFO   - 지형형상: 사다리형
2025-11-23 20:07:38,730 INFO   - 포함: 자연취락지구, 자연녹지지역
2025-11-23 20:07:38,730 INFO   - 저촉: -
2025-11-23 20:07:38,730 INFO   - 접함: -
2025-11-23 20:07:38,730 INFO   - 포함: 상대보호구역, 가축사육제한구역, 역사문화환경보존지역
2025-11-23 20:07:38,730 INFO   - 저촉: -
2025-11-23 20:07:38,730 INFO   - 접함: -
2025-11-23 20:07:38,730 INFO   - 건물이름: -
2025-11-23 20:07:38,730 INFO   - 주용도: 공동주택
2025-11-23 20:07:38,730 INFO   - 주구조: 철근콘크리트구조
2025-11-23 20:07:38,730 INFO   - 지붕구조: (철근)콘크리트
2025-11-23 20:07:38,730 INFO   - 높이: 13.2m
2025-11-23 20:07:38,730 INFO   - 지상/지하: 4/0
2025-11-23 20:07:38,730 INFO   - 대지면적: 494m²
2025-11-23 20:07:38,730 INFO   - 건축면적: 98.56m²(건폐율 19.95%)
2025-11-23 20:07:38,730 INFO   - 연면적: 361.92m²
2025-11-23 20:07:38,731 INFO   - 용적률산정연면적: 361.92m²(용적률 73.26%)
2025-11-23 20:07:38,731 INFO   - 세대 수: 호수
2025-11-23 20:07:38,731 INFO   - 외필지 수: 0
2025-11-23 20:07:38,731 INFO   - 오수정화시설: 값 없음
2025-11-23 20:07:38,731 WARNING     ⚠️ '오수정화시설' 항목: 오른쪽 div를 찾을 수 없음
2025-11-23 20:07:38,731 INFO   - 형식: -
2025-11-23 20:07:38,731 INFO   - 형식 (기타): -
2025-11-23 20:07:38,731 INFO   - 용량 (인용): -
2025-11-23 20:07:38,731 INFO   - 용량 (루베): -
2025-11-23 20:07:38,731 INFO   - 자주식: 0대
2025-11-23 20:07:38,731 INFO   - 기계식: 0대
2025-11-23 20:07:38,731 INFO   - 승용: 0
2025-11-23 20:07:38,731 INFO   - 비상용: 0
2025-11-23 20:07:38,731 INFO   - 허가일: 2003년 9월 25일
2025-11-23 20:07:38,731 INFO   - 착공일: 2003년 9월 26일
2025-11-23 20:07:38,731 INFO   - 사용승인일: 2004년 2월 18일
2025-11-23 20:07:38,731 INFO   - 대지권 비율: 직접 해당 호를 선택해 보세요
2025-11-23 20:07:38,731 INFO   - 전용면적: 39.12m²
2025-11-23 20:07:38,731 INFO 크롤링 완료: 42개 항목
2025-11-23 20:07:38,732 INFO 크롤 행 '주용도' 내용 설정: 공동주택
2025-11-23 20:07:38,733 INFO 크롤링 결과 저장 완료: D:\python_project\R_Helper7\src\features\site_crawler\data\results\latest_crawl.json
2025-11-23 20:07:38,733 INFO 결과를 저장했어: latest_crawl.json
2025-11-23 20:07:38,734 INFO 건물 콤보박스 업데이트: 1개
2025-11-23 20:07:42,988 INFO 크롤링 행 추가 (총 2개)
2025-11-23 20:07:53,828 INFO 크롤링 시작
2025-11-23 20:07:53,828 INFO 크롤링 중...
2025-11-23 20:07:55,840 INFO 크롤링 완료: 42개 항목
2025-11-23 20:07:55,840 INFO   - 면적: 494m²
2025-11-23 20:07:55,841 INFO   - 지목: 대
2025-11-23 20:07:55,841 INFO   - 용도지역: 자연녹지지역
2025-11-23 20:07:55,841 INFO   - 이용상황: 다세대
2025-11-23 20:07:55,841 INFO   - 소유구분: 개인 (공유인수 0)
2025-11-23 20:07:55,841 INFO   - 소유권변동일자: -
2025-11-23 20:07:55,841 INFO   - 소유권변동원인: -
2025-11-23 20:07:55,841 INFO   - 도로접면: 세로한면(가)
2025-11-23 20:07:55,841 INFO   - 지형높이: 평지
2025-11-23 20:07:55,841 INFO   - 지형형상: 사다리형
2025-11-23 20:07:55,841 INFO   - 포함: 자연취락지구, 자연녹지지역
2025-11-23 20:07:55,841 INFO   - 저촉: -
2025-11-23 20:07:55,841 INFO   - 접함: -
2025-11-23 20:07:55,841 INFO   - 포함: 상대보호구역, 가축사육제한구역, 역사문화환경보존지역
2025-11-23 20:07:55,841 INFO   - 저촉: -
2025-11-23 20:07:55,841 INFO   - 접함: -
2025-11-23 20:07:55,841 INFO   - 건물이름: -
2025-11-23 20:07:55,841 INFO   - 주용도: 공동주택
2025-11-23 20:07:55,841 INFO   - 주구조: 철근콘크리트구조
2025-11-23 20:07:55,841 INFO   - 지붕구조: (철근)콘크리트
2025-11-23 20:07:55,841 INFO   - 높이: 13.2m
2025-11-23 20:07:55,841 INFO   - 지상/지하: 4/0
2025-11-23 20:07:55,841 INFO   - 대지면적: 494m²
2025-11-23 20:07:55,841 INFO   - 건축면적: 98.56m²(건폐율 19.95%)
2025-11-23 20:07:55,841 INFO   - 연면적: 361.92m²
2025-11-23 20:07:55,841 INFO   - 용적률산정연면적: 361.92m²(용적률 73.26%)
2025-11-23 20:07:55,841 INFO   - 세대 수: 호수
2025-11-23 20:07:55,841 INFO   - 외필지 수: 0
2025-11-23 20:07:55,841 INFO   - 오수정화시설: 값 없음
2025-11-23 20:07:55,841 WARNING     ⚠️ '오수정화시설' 항목: 오른쪽 div를 찾을 수 없음
2025-11-23 20:07:55,841 INFO   - 형식: -
2025-11-23 20:07:55,841 INFO   - 형식 (기타): -
2025-11-23 20:07:55,841 INFO   - 용량 (인용): -
2025-11-23 20:07:55,841 INFO   - 용량 (루베): -
2025-11-23 20:07:55,841 INFO   - 자주식: 0대
2025-11-23 20:07:55,841 INFO   - 기계식: 0대
2025-11-23 20:07:55,841 INFO   - 승용: 0
2025-11-23 20:07:55,841 INFO   - 비상용: 0
2025-11-23 20:07:55,841 INFO   - 허가일: 2003년 9월 25일
2025-11-23 20:07:55,841 INFO   - 착공일: 2003년 9월 26일
2025-11-23 20:07:55,841 INFO   - 사용승인일: 2004년 2월 18일
2025-11-23 20:07:55,841 INFO   - 대지권 비율: 직접 해당 호를 선택해 보세요
2025-11-23 20:07:55,841 INFO   - 전용면적: 39.12m²
2025-11-23 20:07:55,841 INFO 크롤링 완료: 42개 항목
2025-11-23 20:07:55,842 INFO 크롤 행 '주용도' 내용 설정: 공동주택
2025-11-23 20:07:55,843 INFO 크롤 행 '지붕구조' 내용 설정: (철근)콘크리트
2025-11-23 20:07:55,843 INFO 크롤링 결과 저장 완료: D:\python_project\R_Helper7\src\features\site_crawler\data\results\latest_crawl.json
2025-11-23 20:07:55,843 INFO 결과를 저장했어: latest_crawl.json
2025-11-23 20:07:59,550 INFO 프리셋 저장 완료: D:\python_project\R_Helper7\src\features\site_crawler\data\presets\crawl_presets.json (2개)
2025-11-23 20:07:59,552 INFO 메뉴에서 프리셋 저장하기 실행
2025-11-23 20:32:44,495 INFO Site Crawler 메인 윈도우 종료
2025-11-23 20:32:44,509 INFO Site Crawler 애플리케이션 종료 (exit_code=0)
